2021-22-03 09:16:23  ERROR [io.qameta.allure.AllureLifecycle] : Could not start step: no test case running
2021-22-03 09:16:23   INFO [pages.LoginPage] : Create random password - e6dk6pxzyzms0bady3jdxp501glev6sfdsq18hdlg4p7czyppr
2021-22-03 09:16:23  ERROR [io.qameta.allure.AllureLifecycle] : Could not update step: no step running
2021-22-03 09:16:23  ERROR [io.qameta.allure.AllureLifecycle] : Could not stop step: no step running
2021-22-03 09:16:23  ERROR [io.qameta.allure.AllureLifecycle] : Could not start step: no test case running
2021-22-03 09:16:23  ERROR [io.qameta.allure.AllureLifecycle] : Could not start step: no test case running
2021-22-03 09:16:24   INFO [pages.LoginPage] : Login page was open.
2021-22-03 09:16:24  ERROR [io.qameta.allure.AllureLifecycle] : Could not update step: no step running
2021-22-03 09:16:24  ERROR [io.qameta.allure.AllureLifecycle] : Could not stop step: no step running
2021-22-03 09:16:24   INFO [pages.LoginPage] : Send key TAB.
2021-22-03 09:16:24   INFO [pages.LoginPage] : Send key TAB.
2021-22-03 09:16:24   INFO [pages.LoginPage] : Send key TAB.
2021-22-03 09:16:24   INFO [pages.LoginPage] : Send key TAB.
2021-22-03 09:16:24   INFO [pages.LoginPage] : Send key TAB.
2021-22-03 09:16:25   INFO [pages.LoginPage] :  'Input User Name In Register In' Element displayed:true
2021-22-03 09:16:25   INFO [pages.LoginPage] : Border color of element -----Input User Name In Register In----- is - rgba(128, 189, 255, 1)
2021-22-03 09:16:25  ERROR [io.qameta.allure.AllureLifecycle] : Could not start step: no test case running
2021-22-03 09:16:25   INFO [pages.LoginPage] : xblmrufz1bbywrdsdyc6i6rbfsoyzz was input in to element 'Input User Name In Register In' 
2021-22-03 09:16:25  ERROR [io.qameta.allure.AllureLifecycle] : Could not update step: no step running
2021-22-03 09:16:25  ERROR [io.qameta.allure.AllureLifecycle] : Could not stop step: no step running
2021-22-03 09:16:25   INFO [pages.LoginPage] : Send key TAB.
2021-22-03 09:16:26   INFO [pages.LoginPage] :  'Input Email In Register In' Element displayed:true
2021-22-03 09:16:26   INFO [pages.LoginPage] : Border color of element -----Input Email In Register In----- is - rgba(128, 189, 255, 1)
2021-22-03 09:16:26  ERROR [io.qameta.allure.AllureLifecycle] : Could not start step: no test case running
2021-22-03 09:16:26   INFO [pages.LoginPage] : blbof3ay@ukr.net was input in to element 'Input Email In Register In' 
2021-22-03 09:16:26  ERROR [io.qameta.allure.AllureLifecycle] : Could not update step: no step running
2021-22-03 09:16:26  ERROR [io.qameta.allure.AllureLifecycle] : Could not stop step: no step running
2021-22-03 09:16:26   INFO [pages.LoginPage] : Send key TAB.
2021-22-03 09:16:28   INFO [pages.LoginPage] :  'Input Pass Word In Register In' Element displayed:true
2021-22-03 09:16:28   INFO [pages.LoginPage] : Border color of element -----Input Pass Word In Register In----- is - rgba(128, 189, 255, 1)
2021-22-03 09:16:28  ERROR [io.qameta.allure.AllureLifecycle] : Could not start step: no test case running
2021-22-03 09:16:28   INFO [pages.LoginPage] : e6dk6pxzyzms0bady3jdxp501glev6sfdsq18hdlg4p7czyppr was input in to element 'Input Pass Word In Register In' 
2021-22-03 09:16:28  ERROR [io.qameta.allure.AllureLifecycle] : Could not update step: no step running
2021-22-03 09:16:28  ERROR [io.qameta.allure.AllureLifecycle] : Could not stop step: no step running
2021-22-03 09:16:28   INFO [pages.LoginPage] : Send key TAB.
2021-22-03 09:16:29   INFO [pages.LoginPage] :  'Sign Up For Our App Button' Element displayed:true
2021-22-03 09:16:29   INFO [pages.LoginPage] : Border color of element -----Sign Up For Our App Button----- is - rgb(40, 167, 69)
2021-22-03 09:16:29  ERROR [io.qameta.allure.AllureLifecycle] : Could not update step: no step running
2021-22-03 09:16:29  ERROR [io.qameta.allure.AllureLifecycle] : Could not stop step: no step running
2021-22-03 09:16:29  ERROR [io.qameta.allure.AllureLifecycle] : Could not start step: no test case running
2021-22-03 09:16:29   INFO [pages.LoginPage] :  'Sign Up For Our App Button' Element displayed:true
2021-22-03 09:16:29   INFO [pages.LoginPage] :  'Sign Up For Our App Button' Element displayed:true
2021-22-03 09:16:29   INFO [pages.LoginPage] : Color of element -----Sign Up For Our App Button----- is - rgba(40, 167, 69, 1)
2021-22-03 09:16:29   INFO [pages.LoginPage] : Back Ground color of element is  correct - rgba(40, 167, 69, 1)
2021-22-03 09:16:29  ERROR [io.qameta.allure.AllureLifecycle] : Could not update step: no step running
2021-22-03 09:16:29  ERROR [io.qameta.allure.AllureLifecycle] : Could not stop step: no step running
2021-22-03 09:16:29  ERROR [io.qameta.allure.AllureLifecycle] : Could not start step: no test case running
2021-22-03 09:16:29  ERROR [io.qameta.allure.AllureLifecycle] : Could not start step: no test case running
2021-22-03 09:16:31   INFO [pages.LoginPage] :  'Sign Up For Our App Button' element was clicked.
2021-22-03 09:16:31  ERROR [io.qameta.allure.AllureLifecycle] : Could not update step: no step running
2021-22-03 09:16:31  ERROR [io.qameta.allure.AllureLifecycle] : Could not stop step: no step running
2021-22-03 09:16:31  ERROR [io.qameta.allure.AllureLifecycle] : Could not update step: no step running
2021-22-03 09:16:31  ERROR [io.qameta.allure.AllureLifecycle] : Could not stop step: no step running
2021-22-03 09:16:31  ERROR [io.qameta.allure.AllureLifecycle] : Could not start step: no test case running
2021-22-03 09:16:33   INFO [pages.HomePage] : The current page is - https://qa-complex-app-for-testing.herokuapp.com/
2021-22-03 09:16:33  ERROR [io.qameta.allure.AllureLifecycle] : Could not update step: no step running
2021-22-03 09:16:33  ERROR [io.qameta.allure.AllureLifecycle] : Could not stop step: no step running
2021-22-03 09:16:33  ERROR [io.qameta.allure.AllureLifecycle] : Could not start step: no test case running
2021-22-03 09:16:33   INFO [pages.HomePage] :  'Button Sign Out' Element displayed:true
2021-22-03 09:16:33  ERROR [io.qameta.allure.AllureLifecycle] : Could not update step: no step running
2021-22-03 09:16:33  ERROR [io.qameta.allure.AllureLifecycle] : Could not stop step: no step running
2021-22-03 09:16:33   INFO [regestrationTests.TestCase_5_ValidRegistrationByTabAndCheckBorderColor] : -------- validRegistrationByTab was ended.--------------
2021-22-03 09:16:33   INFO [regestrationTests.TestCase_5_ValidRegistrationByTabAndCheckBorderColor] : Finished test: regestrationTests.TestCase_5_ValidRegistrationByTabAndCheckBorderColor::validRegistrationByTab
2021-22-03 09:16:34   INFO [regestrationTests.TestCase_5_ValidRegistrationByTabAndCheckBorderColor] : Browser was closed
